<?xml version="1.0" encoding="UTF-8" standalone="yes"?>
<!DOCTYPE report PUBLIC "-//JACOCO//DTD Report 1.1//EN" "report.dtd">
<report name="flow-crm-tutorial">
  <sessioninfo id="localhost-1" start="1712559600000" dump="1712559900000"/>
  <package name="com/example/application/views/list">
    <class name="com/example/application/views/list/ContactForm" sourcefilename="ContactForm.java">
      <method name="&lt;init&gt;" desc="()V" line="24">
        <counter type="INSTRUCTION" missed="0" covered="15"/>
        <counter type="LINE" missed="0" covered="5"/>
        <counter type="COMPLEXITY" missed="0" covered="1"/>
        <counter type="METHOD" missed="0" covered="1"/>
      </method>
      <method name="setContact" desc="(Lcom/example/application/data/entity/Contact;)V" line="40">
        <counter type="INSTRUCTION" missed="0" covered="10"/>
        <counter type="LINE" missed="0" covered="2"/>
        <counter type="COMPLEXITY" missed="0" covered="1"/>
        <counter type="METHOD" missed="0" covered="1"/>
      </method>
      <method name="save" desc="()V" line="45">
        <counter type="INSTRUCTION" missed="0" covered="12"/>
        <counter type="LINE" missed="0" covered="3"/>
        <counter type="COMPLEXITY" missed="0" covered="1"/>
        <counter type="METHOD" missed="0" covered="1"/>
      </method>
      <method name="delete" desc="()V" line="50">
        <counter type="INSTRUCTION" missed="0" covered="12"/>
        <counter type="LINE" missed="0" covered="3"/>
        <counter type="COMPLEXITY" missed="0" covered="1"/>
        <counter type="METHOD" missed="0" covered="1"/>
      </method>
      <method name="close" desc="()V" line="55">
        <counter type="INSTRUCTION" missed="0" covered="12"/>
        <counter type="LINE" missed="0" covered="3"/>
        <counter type="COMPLEXITY" missed="0" covered="1"/>
        <counter type="METHOD" missed="0" covered="1"/>
      </method>
      <counter type="INSTRUCTION" missed="0" covered="61"/>
      <counter type="LINE" missed="0" covered="16"/>
      <counter type="COMPLEXITY" missed="0" covered="5"/>
      <counter type="METHOD" missed="0" covered="5"/>
      <counter type="CLASS" missed="0" covered="1"/>
    </class>
    <sourcefile name="ContactForm.java">
      <line nr="24" mi="0" ci="3" mb="0" cb="0"/>
      <line nr="25" mi="0" ci="3" mb="0" cb="0"/>
      <line nr="26" mi="0" ci="3" mb="0" cb="0"/>
      <line nr="27" mi="0" ci="3" mb="0" cb="0"/>
      <line nr="28" mi="0" ci="3" mb="0" cb="0"/>
      <line nr="40" mi="0" ci="5" mb="0" cb="0"/>
      <line nr="41" mi="0" ci="5" mb="0" cb="0"/>
      <line nr="45" mi="0" ci="4" mb="0" cb="0"/>
      <line nr="46" mi="0" ci="4" mb="0" cb="0"/>
      <line nr="47" mi="0" ci="4" mb="0" cb="0"/>
      <line nr="50" mi="0" ci="4" mb="0" cb="0"/>
      <line nr="51" mi="0" ci="4" mb="0" cb="0"/>
      <line nr="52" mi="0" ci="4" mb="0" cb="0"/>
      <line nr="55" mi="0" ci="4" mb="0" cb="0"/>
      <line nr="56" mi="0" ci="4" mb="0" cb="0"/>
      <line nr="57" mi="0" ci="4" mb="0" cb="0"/>
      <counter type="INSTRUCTION" missed="0" covered="61"/>
      <counter type="LINE" missed="0" covered="16"/>
      <counter type="COMPLEXITY" missed="0" covered="5"/>
      <counter type="METHOD" missed="0" covered="5"/>
      <counter type="CLASS" missed="0" covered="1"/>
    </sourcefile>
    <counter type="INSTRUCTION" missed="0" covered="61"/>
    <counter type="LINE" missed="0" covered="16"/>
    <counter type="COMPLEXITY" missed="0" covered="5"/>
    <counter type="METHOD" missed="0" covered="5"/>
    <counter type="CLASS" missed="0" covered="1"/>
  </package>
  <counter type="INSTRUCTION" missed="0" covered="61"/>
  <counter type="LINE" missed="0" covered="16"/>
  <counter type="COMPLEXITY" missed="0" covered="5"/>
  <counter type="METHOD" missed="0" covered="5"/>
  <counter type="CLASS" missed="0" covered="1"/>
</report>
